2024-12-11 04:11:29 INFO  CreateCitizenAccount:58 - ***** Starting the first step of health check - Creating OHID Account ****
2024-12-11 04:11:29 INFO  CreateCitizenAccount:63 - ***** Launching Homepage and clicking on CreateOHID Account Button  ****
2024-12-11 04:11:32 INFO  CreateCitizenAccount:76 - ***** Entering Mailosaur email id  ****
2024-12-11 04:11:45 INFO  CreateCitizenAccount:116 - ***** OTP Verification - Fetching the OTP from mailosaur account  ****
2024-12-11 04:11:45 INFO  CreateCitizenAccount:121 - ***** OTP is verified ****
2024-12-11 04:11:49 INFO  CreateCitizenAccount:137 - ***** Entering personal info  ****
2024-12-11 04:11:57 INFO  CreateCitizenAccount:149 - ***** Entering username  ****
2024-12-11 04:12:00 INFO  CreateCitizenAccount:154 - ***** Entering Password  ****
2024-12-11 04:12:19 INFO  CreateCitizenAccount:220 - ***** Accepting Terms and Conditions ****
2024-12-11 04:12:22 INFO  CreateCitizenAccount:226 - ***** Captcha is verified ****
2024-12-11 04:12:37 INFO  CreateCitizenAccount:289 - ***** Create Account button is enabled  ****
2024-12-11 04:12:52 INFO  CreateCitizenAccount:304 - ***** Account not created , Please try again****
2024-12-11 04:13:05 INFO  CreateCitizenAccount:318 - ***** Logged in to the account  ****
2024-12-11 04:13:12 INFO  CreateCitizenAccount:326 - ***** Account Verified  ****
2024-12-11 04:22:08 INFO  Utils:112 - [TestNG] Running:
  C:\Users\rbalasubramanians\eclipse-workspace\iop7xHCVersion1.2\testng.xml

2024-12-11 04:22:19 INFO  CreateCitizenAccount:58 - ***** Starting the first step of health check - Creating OHID Account ****
2024-12-11 04:22:19 INFO  CreateCitizenAccount:63 - ***** Launching Homepage and clicking on CreateOHID Account Button  ****
2024-12-11 04:22:22 INFO  CreateCitizenAccount:76 - ***** Entering Mailosaur email id  ****
2024-12-11 04:22:35 INFO  CreateCitizenAccount:116 - ***** OTP Verification - Fetching the OTP from mailosaur account  ****
2024-12-11 04:22:36 INFO  CreateCitizenAccount:121 - ***** OTP is verified ****
2024-12-11 04:22:39 INFO  CreateCitizenAccount:137 - ***** Entering personal info  ****
2024-12-11 04:22:47 INFO  CreateCitizenAccount:149 - ***** Entering username  ****
2024-12-11 04:22:50 INFO  CreateCitizenAccount:154 - ***** Entering Password  ****
2024-12-11 04:23:09 INFO  CreateCitizenAccount:220 - ***** Accepting Terms and Conditions ****
2024-12-11 04:23:12 INFO  CreateCitizenAccount:226 - ***** Captcha is verified ****
2024-12-11 04:23:27 INFO  CreateCitizenAccount:289 - ***** Create Account button is enabled  ****
2024-12-11 04:23:42 INFO  CreateCitizenAccount:304 - ***** Account not created , Please try again****
2024-12-11 04:23:56 INFO  CreateCitizenAccount:318 - ***** Logged in to the account  ****
2024-12-11 04:24:03 INFO  CreateCitizenAccount:326 - ***** Account Verified  ****
2024-12-11 04:52:28 INFO  Utils:112 - [TestNG] Running:
  C:\Users\rbalasubramanians\eclipse-workspace\iop7xHCVersion1.2\testng.xml

2024-12-11 04:52:42 INFO  CreateCitizenAccount:58 - ***** Starting the first step of health check - Creating OHID Account ****
2024-12-11 04:52:42 INFO  CreateCitizenAccount:63 - ***** Launching Homepage and clicking on CreateOHID Account Button  ****
2024-12-11 04:52:46 INFO  CreateCitizenAccount:76 - ***** Entering Mailosaur email id  ****
2024-12-11 04:53:00 INFO  CreateCitizenAccount:116 - ***** OTP Verification - Fetching the OTP from mailosaur account  ****
2024-12-11 04:53:00 INFO  CreateCitizenAccount:121 - ***** OTP is verified ****
2024-12-11 04:53:04 INFO  CreateCitizenAccount:137 - ***** Entering personal info  ****
2024-12-11 04:53:13 INFO  CreateCitizenAccount:149 - ***** Entering username  ****
2024-12-11 04:53:15 INFO  CreateCitizenAccount:154 - ***** Entering Password  ****
2024-12-11 04:53:34 INFO  CreateCitizenAccount:220 - ***** Accepting Terms and Conditions ****
2024-12-11 04:53:37 INFO  CreateCitizenAccount:226 - ***** Captcha is verified ****
2024-12-11 04:53:52 INFO  CreateCitizenAccount:289 - ***** Create Account button is enabled  ****
2024-12-11 04:54:08 INFO  CreateCitizenAccount:299 - ***** Account created, Please try to login now  ****
2024-12-11 04:54:22 INFO  CreateCitizenAccount:318 - ***** Logged in to the account  ****
2024-12-11 04:54:32 INFO  CreateCitizenAccount:326 - ***** Account Verified  ****
2024-12-11 04:54:35 INFO  CreateCitizenAccount:338 - ***** Navigated to App store  ****
2024-12-11 04:54:40 INFO  CreateCitizenAccount:350 - ***** Logging out  ****
2024-12-11 06:25:31 INFO  Utils:112 - [TestNG] Running:
  C:\Users\rbalasubramanians\eclipse-workspace\iop7xHCVersion1.2\testng.xml

2024-12-11 06:25:40 INFO  CreateCitizenAccount:58 - ***** Starting the first step of health check - Creating OHID Account ****
2024-12-11 06:25:40 INFO  CreateCitizenAccount:63 - ***** Launching Homepage and clicking on CreateOHID Account Button  ****
2024-12-11 06:25:43 INFO  CreateCitizenAccount:76 - ***** Entering Mailosaur email id  ****
2024-12-11 06:25:56 INFO  CreateCitizenAccount:116 - ***** OTP Verification - Fetching the OTP from mailosaur account  ****
2024-12-11 06:25:56 INFO  CreateCitizenAccount:121 - ***** OTP is verified ****
2024-12-11 06:26:00 INFO  CreateCitizenAccount:137 - ***** Entering personal info  ****
2024-12-11 06:26:08 INFO  CreateCitizenAccount:149 - ***** Entering username  ****
2024-12-11 06:26:10 INFO  CreateCitizenAccount:154 - ***** Entering Password  ****
2024-12-11 06:26:29 INFO  CreateCitizenAccount:220 - ***** Accepting Terms and Conditions ****
2024-12-11 06:26:32 INFO  CreateCitizenAccount:226 - ***** Captcha is verified ****
2024-12-11 06:26:47 INFO  CreateCitizenAccount:289 - ***** Create Account button is enabled  ****
2024-12-11 06:27:02 INFO  CreateCitizenAccount:304 - ***** Account not created , Please try again****
2024-12-11 06:27:15 INFO  CreateCitizenAccount:318 - ***** Logged in to the account  ****
2024-12-11 06:27:21 INFO  CreateCitizenAccount:326 - ***** Account Verified  ****
2024-12-11 06:42:34 INFO  Utils:112 - [TestNG] Running:
  C:\Users\rbalasubramanians\eclipse-workspace\iop7xHCVersion1.2\testng.xml

2024-12-11 06:42:55 INFO  CreateCitizenAccount:58 - ***** Starting the first step of health check - Creating OHID Account ****
2024-12-11 06:42:55 INFO  CreateCitizenAccount:63 - ***** Launching Homepage and clicking on CreateOHID Account Button  ****
2024-12-11 06:42:59 INFO  CreateCitizenAccount:76 - ***** Entering Mailosaur email id  ****
2024-12-11 06:43:12 INFO  CreateCitizenAccount:116 - ***** OTP Verification - Fetching the OTP from mailosaur account  ****
2024-12-11 06:43:12 INFO  CreateCitizenAccount:121 - ***** OTP is verified ****
2024-12-11 06:43:15 INFO  CreateCitizenAccount:137 - ***** Entering personal info  ****
2024-12-11 06:43:24 INFO  CreateCitizenAccount:149 - ***** Entering username  ****
2024-12-11 06:43:26 INFO  CreateCitizenAccount:154 - ***** Entering Password  ****
2024-12-11 06:43:45 INFO  CreateCitizenAccount:220 - ***** Accepting Terms and Conditions ****
2024-12-11 06:43:48 INFO  CreateCitizenAccount:226 - ***** Captcha is verified ****
2024-12-11 06:44:02 INFO  CreateCitizenAccount:289 - ***** Create Account button is enabled  ****
2024-12-11 06:44:18 INFO  CreateCitizenAccount:299 - ***** Account created, Please try to login now  ****
2024-12-11 06:44:31 INFO  CreateCitizenAccount:318 - ***** Logged in to the account  ****
2024-12-11 06:44:40 INFO  CreateCitizenAccount:326 - ***** Account Verified  ****
2024-12-11 06:44:43 INFO  CreateCitizenAccount:338 - ***** Navigated to App store  ****
2024-12-11 06:44:47 INFO  CreateCitizenAccount:350 - ***** Logging out  ****
2024-12-11 06:45:14 INFO  ForgotUsernameOHID:44 - ***** Clicking on Forgot your OHID or password option  ****
2024-12-11 06:45:22 INFO  ForgotUsernameOHID:54 - ***** Choosing Forgot OHIO ID option ****
2024-12-11 06:45:50 INFO  ForgotPassword:45 - ***** Clicking on Forgot your OHID or Password link ****
2024-12-11 06:45:55 INFO  ForgotPassword:50 - ***** chatbot opens  ****
2024-12-11 06:45:58 INFO  ForgotPassword:56 - ***** Choosing Forgot Password option  ****
2024-12-11 07:38:38 INFO  Utils:112 - [TestNG] Running:
  C:\Users\rbalasubramanians\eclipse-workspace\iop7xHCVersion1.2\testng.xml

2024-12-11 07:38:49 INFO  CreateCitizenAccount:55 - ***** Starting the first step of health check - Creating OHID Account ****
2024-12-11 07:38:49 INFO  CreateCitizenAccount:60 - ***** Launching Homepage and clicking on CreateOHID Account Button  ****
2024-12-11 07:39:22 INFO  ForgotUsernameOHID:44 - ***** Clicking on Forgot your OHID or password option  ****
2024-12-11 07:39:31 INFO  ForgotUsernameOHID:54 - ***** Choosing Forgot OHIO ID option ****
2024-12-11 07:39:52 INFO  ForgotPassword:45 - ***** Clicking on Forgot your OHID or Password link ****
2024-12-11 07:39:57 INFO  ForgotPassword:50 - ***** chatbot opens  ****
2024-12-11 07:40:01 INFO  ForgotPassword:56 - ***** Choosing Forgot Password option  ****
2024-12-11 08:45:14 INFO  Utils:112 - [TestNG] Running:
  C:\Users\rbalasubramanians\eclipse-workspace\iop7xHCVersion1.2\testng.xml

2024-12-11 08:45:24 INFO  CreateCitizenAccount:55 - ***** Starting the first step of health check - Creating OHID Account ****
2024-12-11 08:45:24 INFO  CreateCitizenAccount:60 - ***** Launching Homepage and clicking on CreateOHID Account Button  ****
2024-12-11 08:45:41 INFO  CreateCitizenAccount:113 - ***** OTP Verification - Fetching the OTP from mailosaur account  ****
2024-12-11 08:45:41 INFO  CreateCitizenAccount:118 - ***** OTP is verified ****
2024-12-11 08:45:46 INFO  CreateCitizenAccount:134 - ***** Entering personal info  ****
2024-12-11 08:45:54 INFO  CreateCitizenAccount:146 - ***** Entering username  ****
2024-12-11 08:45:56 INFO  CreateCitizenAccount:151 - ***** Entering Password  ****
2024-12-11 08:46:23 INFO  ForgotUsernameOHID:44 - ***** Clicking on Forgot your OHID or password option  ****
2024-12-11 08:46:31 INFO  ForgotUsernameOHID:54 - ***** Choosing Forgot OHIO ID option ****
2024-12-11 08:46:53 INFO  ForgotPassword:45 - ***** Clicking on Forgot your OHID or Password link ****
2024-12-11 08:46:58 INFO  ForgotPassword:50 - ***** chatbot opens  ****
2024-12-11 08:47:02 INFO  ForgotPassword:56 - ***** Choosing Forgot Password option  ****
2024-12-11 08:51:09 INFO  Utils:112 - [TestNG] Running:
  C:\Users\rbalasubramanians\eclipse-workspace\iop7xHCVersion1.2\testng.xml

2024-12-11 08:51:19 INFO  CreateCitizenAccount:55 - ***** Starting the first step of health check - Creating OHID Account ****
2024-12-11 08:51:19 INFO  CreateCitizenAccount:60 - ***** Launching Homepage and clicking on CreateOHID Account Button  ****
2024-12-11 08:51:36 INFO  CreateCitizenAccount:113 - ***** OTP Verification - Fetching the OTP from mailosaur account  ****
2024-12-11 08:51:36 INFO  CreateCitizenAccount:118 - ***** OTP is verified ****
2024-12-11 08:51:40 INFO  CreateCitizenAccount:134 - ***** Entering personal info  ****
2024-12-11 08:51:49 INFO  CreateCitizenAccount:146 - ***** Entering username  ****
2024-12-11 08:51:51 INFO  CreateCitizenAccount:151 - ***** Entering Password  ****
2024-12-11 08:52:10 INFO  CreateCitizenAccount:217 - ***** Accepting Terms and Conditions ****
2024-12-11 08:52:13 INFO  CreateCitizenAccount:223 - ***** Captcha is verified ****
2024-12-11 08:52:28 INFO  CreateCitizenAccount:286 - ***** Create Account button is enabled  ****
2024-12-11 08:52:43 INFO  CreateCitizenAccount:301 - ***** Account not created , Please try again****
2024-12-11 08:52:56 INFO  CreateCitizenAccount:315 - ***** Logged in to the account  ****
2024-12-11 08:53:04 INFO  CreateCitizenAccount:323 - ***** Account Verified  ****
2024-12-11 08:53:25 INFO  ForgotUsernameOHID:44 - ***** Clicking on Forgot your OHID or password option  ****
2024-12-11 08:53:34 INFO  ForgotUsernameOHID:54 - ***** Choosing Forgot OHIO ID option ****
2024-12-11 08:53:55 INFO  ForgotPassword:45 - ***** Clicking on Forgot your OHID or Password link ****
2024-12-11 08:54:00 INFO  ForgotPassword:50 - ***** chatbot opens  ****
2024-12-11 08:54:03 INFO  ForgotPassword:56 - ***** Choosing Forgot Password option  ****
2024-12-11 09:08:19 INFO  Utils:112 - [TestNG] Running:
  C:\Users\rbalasubramanians\eclipse-workspace\iop7xHCVersion1.2\testng.xml

2024-12-11 09:08:30 INFO  CreateCitizenAccount:55 - ***** Starting the first step of health check - Creating OHID Account ****
2024-12-11 09:08:30 INFO  CreateCitizenAccount:60 - ***** Launching Homepage and clicking on CreateOHID Account Button  ****
2024-12-11 09:08:47 INFO  CreateCitizenAccount:113 - ***** OTP Verification - Fetching the OTP from mailosaur account  ****
2024-12-11 09:08:47 INFO  CreateCitizenAccount:118 - ***** OTP is verified ****
2024-12-11 09:08:51 INFO  CreateCitizenAccount:134 - ***** Entering personal info  ****
2024-12-11 09:08:59 INFO  CreateCitizenAccount:146 - ***** Entering username  ****
2024-12-11 09:09:01 INFO  CreateCitizenAccount:151 - ***** Entering Password  ****
2024-12-11 09:09:20 INFO  CreateCitizenAccount:217 - ***** Accepting Terms and Conditions ****
2024-12-11 09:09:23 INFO  CreateCitizenAccount:223 - ***** Captcha is verified ****
2024-12-11 09:09:38 INFO  CreateCitizenAccount:286 - ***** Create Account button is enabled  ****
2024-12-11 09:09:53 INFO  CreateCitizenAccount:301 - ***** Account not created , Please try again****
2024-12-11 09:10:07 INFO  CreateCitizenAccount:315 - ***** Logged in to the account  ****
2024-12-11 09:10:13 INFO  CreateCitizenAccount:323 - ***** Account Verified  ****
2024-12-11 09:10:34 INFO  ForgotUsernameOHID:44 - ***** Clicking on Forgot your OHID or password option  ****
2024-12-11 09:10:42 INFO  ForgotUsernameOHID:54 - ***** Choosing Forgot OHIO ID option ****
2024-12-11 09:11:03 INFO  ForgotPassword:45 - ***** Clicking on Forgot your OHID or Password link ****
2024-12-11 09:11:08 INFO  ForgotPassword:50 - ***** chatbot opens  ****
2024-12-11 09:11:11 INFO  ForgotPassword:56 - ***** Choosing Forgot Password option  ****
2024-12-11 09:24:06 INFO  Utils:112 - [TestNG] Running:
  C:\Users\rbalasubramanians\eclipse-workspace\iop7xHCVersion1.2\testng.xml

2024-12-11 09:24:29 INFO  CreateCitizenAccount:55 - ***** Starting the first step of health check - Creating OHID Account ****
2024-12-11 09:24:29 INFO  CreateCitizenAccount:60 - ***** Launching Homepage and clicking on CreateOHID Account Button  ****
2024-12-11 09:29:35 INFO  Utils:112 - [TestNG] Running:
  C:\Users\rbalasubramanians\eclipse-workspace\iop7xHCVersion1.2\testng.xml

2024-12-11 09:29:46 INFO  CreateCitizenAccount:55 - ***** Starting the first step of health check - Creating OHID Account ****
2024-12-11 09:29:46 INFO  CreateCitizenAccount:60 - ***** Launching Homepage and clicking on CreateOHID Account Button  ****
2024-12-11 09:30:02 INFO  CreateCitizenAccount:113 - ***** OTP Verification - Fetching the OTP from mailosaur account  ****
2024-12-11 09:30:02 INFO  CreateCitizenAccount:118 - ***** OTP is verified ****
2024-12-11 09:30:06 INFO  CreateCitizenAccount:134 - ***** Entering personal info  ****
2024-12-11 09:30:14 INFO  CreateCitizenAccount:146 - ***** Entering username  ****
2024-12-11 09:30:17 INFO  CreateCitizenAccount:151 - ***** Entering Password  ****
2024-12-11 09:30:36 INFO  CreateCitizenAccount:217 - ***** Accepting Terms and Conditions ****
2024-12-11 09:30:39 INFO  CreateCitizenAccount:223 - ***** Captcha is verified ****
2024-12-11 09:30:53 INFO  CreateCitizenAccount:286 - ***** Create Account button is enabled  ****
2024-12-11 09:31:08 INFO  CreateCitizenAccount:301 - ***** Account not created , Please try again****
2024-12-11 09:31:22 INFO  CreateCitizenAccount:315 - ***** Logged in to the account  ****
2024-12-11 09:31:29 INFO  CreateCitizenAccount:323 - ***** Account Verified  ****
2024-12-11 09:31:49 INFO  ForgotUsernameOHID:44 - ***** Clicking on Forgot your OHID or password option  ****
2024-12-11 09:31:57 INFO  ForgotUsernameOHID:54 - ***** Choosing Forgot OHIO ID option ****
2024-12-11 09:32:17 INFO  ForgotPassword:45 - ***** Clicking on Forgot your OHID or Password link ****
2024-12-11 09:32:22 INFO  ForgotPassword:50 - ***** chatbot opens  ****
2024-12-11 09:32:26 INFO  ForgotPassword:56 - ***** Choosing Forgot Password option  ****
2024-12-11 16:39:17 INFO  Utils:112 - [TestNG] Running:
  Command line suite

2024-12-11 16:41:48 INFO  Utils:112 - [TestNG] Running:
  Command line suite

2024-12-11 16:44:04 INFO  Utils:112 - [TestNG] Running:
  Command line suite

2024-12-11 16:45:26 INFO  Utils:112 - [TestNG] Running:
  C:\Users\rbalasubramanians\eclipse-workspace\iop7xHCVersion1.2\testng.xml

2024-12-11 16:46:08 INFO  CreateCitizenAccount:59 - ***** Starting the first step of health check - Creating OHID Account ****
2024-12-11 16:46:08 INFO  CreateCitizenAccount:64 - ***** Launching Homepage and clicking on CreateOHID Account Button  ****
2024-12-11 16:46:36 INFO  CreateCitizenAccount:117 - ***** OTP Verification - Fetching the OTP from mailosaur account  ****
2024-12-11 16:46:36 INFO  CreateCitizenAccount:122 - ***** OTP is verified ****
2024-12-11 20:42:39 INFO  Utils:112 - [TestNG] Running:
  Command line suite

2024-12-11 20:53:50 INFO  Utils:112 - [TestNG] Running:
  Command line suite

2024-12-11 20:58:01 INFO  CreateCitizenAccount:59 - ***** Starting the first step of health check - Creating OHID Account ****
2024-12-11 20:58:01 INFO  CreateCitizenAccount:64 - ***** Launching Homepage and clicking on CreateOHID Account Button  ****
2024-12-11 20:58:16 INFO  CreateCitizenAccount:117 - ***** OTP Verification - Fetching the OTP from mailosaur account  ****
2024-12-11 20:58:16 INFO  CreateCitizenAccount:122 - ***** OTP is verified ****
2024-12-11 20:58:20 INFO  CreateCitizenAccount:138 - ***** Entering personal info  ****
2024-12-11 20:58:28 INFO  CreateCitizenAccount:150 - ***** Entering username  ****
2024-12-11 20:58:30 INFO  CreateCitizenAccount:155 - ***** Entering Password  ****
2024-12-11 20:58:49 INFO  CreateCitizenAccount:221 - ***** Accepting Terms and Conditions ****
2024-12-11 20:58:52 INFO  CreateCitizenAccount:227 - ***** Captcha is verified ****
2024-12-11 20:59:06 INFO  CreateCitizenAccount:290 - ***** Create Account button is enabled  ****
2024-12-11 20:59:21 INFO  CreateCitizenAccount:305 - ***** Account not created , Please try again****
2024-12-11 20:59:34 INFO  CreateCitizenAccount:319 - ***** Logged in to the account  ****
2024-12-11 20:59:43 INFO  CreateCitizenAccount:327 - ***** Account Verified  ****
2024-12-11 21:00:01 INFO  ForgotUsernameOHID:44 - ***** Clicking on Forgot your OHID or password option  ****
2024-12-11 21:00:09 INFO  ForgotUsernameOHID:54 - ***** Choosing Forgot OHIO ID option ****
2024-12-11 21:00:27 INFO  ForgotPassword:45 - ***** Clicking on Forgot your OHID or Password link ****
2024-12-11 21:00:31 INFO  ForgotPassword:50 - ***** chatbot opens  ****
2024-12-11 21:00:34 INFO  ForgotPassword:56 - ***** Choosing Forgot Password option  ****
2024-12-11 21:11:03 INFO  Utils:112 - [TestNG] Running:
  C:\Users\rbalasubramanians\eclipse-workspace\iop7xHCVersion1.2\testng.xml

2024-12-11 21:11:13 INFO  CreateCitizenAccount:59 - ***** Starting the first step of health check - Creating OHID Account ****
2024-12-11 21:11:13 INFO  CreateCitizenAccount:64 - ***** Launching Homepage and clicking on CreateOHID Account Button  ****
